Start testing: Mar 24 01:44 PDT
----------------------------------------------------------
3/3 Testing: SE3.Creation
3/3 Test: SE3.Creation
Command: "/Users/cmookj/Documents/develop/projects/RigidBodyMotion/build/test/test_rbm" "--gtest_filter=SE3.Creation" "--gtest_also_run_disabled_tests"
Directory: /Users/cmookj/Documents/develop/projects/RigidBodyMotion/build/test
"SE3.Creation" start time: Mar 24 01:44 PDT
Output:
----------------------------------------------------------
Running main() from /Users/cmookj/Documents/develop/projects/RigidBodyMotion/external/googletest/googletest/src/gtest_main.cc
[0;33mNote: Google Test filter = SE3.Creation
[m[0;32m[==========] [mRunning 1 test from 1 test suite.
[0;32m[----------] [mGlobal test environment set-up.
[0;32m[----------] [m1 test from SE3
[0;32m[ RUN      ] [mSE3.Creation
[0;32m[       OK ] [mSE3.Creation (0 ms)
[0;32m[----------] [m1 test from SE3 (0 ms total)

[0;32m[----------] [mGlobal test environment tear-down
[0;32m[==========] [m1 test from 1 test suite ran. (0 ms total)
[0;32m[  PASSED  ] [m1 test.
<end of output>
Test time =   0.00 sec
----------------------------------------------------------
Test Passed.
"SE3.Creation" end time: Mar 24 01:44 PDT
"SE3.Creation" time elapsed: 00:00:00
----------------------------------------------------------

1/3 Testing: SO3.ExponentialLogarithm
1/3 Test: SO3.ExponentialLogarithm
Command: "/Users/cmookj/Documents/develop/projects/RigidBodyMotion/build/test/test_rbm" "--gtest_filter=SO3.ExponentialLogarithm" "--gtest_also_run_disabled_tests"
Directory: /Users/cmookj/Documents/develop/projects/RigidBodyMotion/build/test
"SO3.ExponentialLogarithm" start time: Mar 24 01:44 PDT
Output:
----------------------------------------------------------
Running main() from /Users/cmookj/Documents/develop/projects/RigidBodyMotion/external/googletest/googletest/src/gtest_main.cc
[0;33mNote: Google Test filter = SO3.ExponentialLogarithm
[m[0;32m[==========] [mRunning 1 test from 1 test suite.
[0;32m[----------] [mGlobal test environment set-up.
[0;32m[----------] [m1 test from SO3
[0;32m[ RUN      ] [mSO3.ExponentialLogarithm
[0;32m[       OK ] [mSO3.ExponentialLogarithm (0 ms)
[0;32m[----------] [m1 test from SO3 (0 ms total)

[0;32m[----------] [mGlobal test environment tear-down
[0;32m[==========] [m1 test from 1 test suite ran. (0 ms total)
[0;32m[  PASSED  ] [m1 test.
<end of output>
Test time =   0.00 sec
----------------------------------------------------------
Test Passed.
"SO3.ExponentialLogarithm" end time: Mar 24 01:44 PDT
"SO3.ExponentialLogarithm" time elapsed: 00:00:00
----------------------------------------------------------

2/3 Testing: SO3.Projection
2/3 Test: SO3.Projection
Command: "/Users/cmookj/Documents/develop/projects/RigidBodyMotion/build/test/test_rbm" "--gtest_filter=SO3.Projection" "--gtest_also_run_disabled_tests"
Directory: /Users/cmookj/Documents/develop/projects/RigidBodyMotion/build/test
"SO3.Projection" start time: Mar 24 01:44 PDT
Output:
----------------------------------------------------------
Running main() from /Users/cmookj/Documents/develop/projects/RigidBodyMotion/external/googletest/googletest/src/gtest_main.cc
[0;33mNote: Google Test filter = SO3.Projection
[m[0;32m[==========] [mRunning 1 test from 1 test suite.
[0;32m[----------] [mGlobal test environment set-up.
[0;32m[----------] [m1 test from SO3
[0;32m[ RUN      ] [mSO3.Projection
[0;32m[       OK ] [mSO3.Projection (0 ms)
[0;32m[----------] [m1 test from SO3 (0 ms total)

[0;32m[----------] [mGlobal test environment tear-down
[0;32m[==========] [m1 test from 1 test suite ran. (0 ms total)
[0;32m[  PASSED  ] [m1 test.
<end of output>
Test time =   0.00 sec
----------------------------------------------------------
Test Passed.
"SO3.Projection" end time: Mar 24 01:44 PDT
"SO3.Projection" time elapsed: 00:00:00
----------------------------------------------------------

End testing: Mar 24 01:44 PDT
